
/home/runner/work/exp-measurement-screw-threads-iitkgp/exp-measurement-screw-threads-iitkgp/experiment/simulation/js/screwThread.js
    8:1   warning  '$' is not defined                                 no-undef
    9:3   warning  '$' is not defined                                 no-undef
   10:5   warning  '$' is not defined                                 no-undef
   29:10  warning  'seudovalue1' is defined but never used            no-unused-vars
   31:1   warning  '$' is not defined                                 no-undef
   32:1   warning  '$' is not defined                                 no-undef
   35:10  warning  'seudovalue2' is defined but never used            no-unused-vars
   37:1   warning  '$' is not defined                                 no-undef
   38:1   warning  '$' is not defined                                 no-undef
   43:10  warning  'two_wire' is defined but never used               no-unused-vars
   55:10  warning  'three_wire' is defined but never used             no-unused-vars
   71:1   warning  '$' is not defined                                 no-undef
   76:1   warning  '$' is not defined                                 no-undef
   77:1   warning  '$' is not defined                                 no-undef
   81:1   warning  '$' is not defined                                 no-undef
   82:1   warning  '$' is not defined                                 no-undef
   86:1   warning  '$' is not defined                                 no-undef
   87:1   warning  '$' is not defined                                 no-undef
   88:1   warning  '$' is not defined                                 no-undef
   97:1   warning  '$' is not defined                                 no-undef
   98:1   warning  '$' is not defined                                 no-undef
  102:1   warning  '$' is not defined                                 no-undef
  103:1   warning  '$' is not defined                                 no-undef
  107:1   warning  '$' is not defined                                 no-undef
  108:1   warning  '$' is not defined                                 no-undef
  109:1   warning  '$' is not defined                                 no-undef
  118:1   warning  '$' is not defined                                 no-undef
  119:1   warning  '$' is not defined                                 no-undef
  123:1   warning  '$' is not defined                                 no-undef
  124:1   warning  '$' is not defined                                 no-undef
  128:1   warning  '$' is not defined                                 no-undef
  129:1   warning  '$' is not defined                                 no-undef
  133:1   warning  '$' is not defined                                 no-undef
  140:10  warning  'side1' is defined but never used                  no-unused-vars
  149:1   warning  Mixed spaces and tabs                              no-mixed-spaces-and-tabs
  157:1   warning  Mixed spaces and tabs                              no-mixed-spaces-and-tabs
  169:1   warning  Mixed spaces and tabs                              no-mixed-spaces-and-tabs
  175:10  warning  'side2' is defined but never used                  no-unused-vars
  190:10  warning  'moveThread' is defined but never used             no-unused-vars
  217:13  warning  't' is assigned a value but never used             no-unused-vars
  222:1   warning  Mixed spaces and tabs                              no-mixed-spaces-and-tabs
  225:2   warning  Mixed spaces and tabs                              no-mixed-spaces-and-tabs
  236:1   warning  Mixed spaces and tabs                              no-mixed-spaces-and-tabs
  239:2   warning  Mixed spaces and tabs                              no-mixed-spaces-and-tabs
  247:10  warning  'rotategauge' is defined but never used            no-unused-vars
  249:1   warning  Mixed spaces and tabs                              no-mixed-spaces-and-tabs
  252:10  warning  'rotategaugerev' is defined but never used         no-unused-vars
  254:1   warning  Mixed spaces and tabs                              no-mixed-spaces-and-tabs
  265:10  warning  'cscalePosChng' is defined but never used          no-unused-vars
  273:14  warning  'math' is not defined                              no-undef
  274:13  warning  'math' is not defined                              no-undef
  282:10  warning  'cscalePosChngRev' is defined but never used       no-unused-vars
  292:14  warning  'math' is not defined                              no-undef
  293:13  warning  'math' is not defined                              no-undef
  306:22  warning  'counterscru2' is assigned a value but never used  no-unused-vars
  307:11  warning  'screw_widthincr' is defined but never used        no-unused-vars
  308:1   warning  Mixed spaces and tabs                              no-mixed-spaces-and-tabs
  313:15  warning  'math' is not defined                              no-undef
  314:19  warning  'math' is not defined                              no-undef
  322:1   warning  Mixed spaces and tabs                              no-mixed-spaces-and-tabs
  344:1   warning  Mixed spaces and tabs                              no-mixed-spaces-and-tabs
  347:11  warning  'screw_widthdecr' is defined but never used        no-unused-vars
  353:15  warning  'math' is not defined                              no-undef
  354:19  warning  'math' is not defined                              no-undef
  370:11  warning  'pValueChange' is defined but never used           no-unused-vars
  370:24  warning  'select' is defined but never used                 no-unused-vars
  371:1   warning  Mixed spaces and tabs                              no-mixed-spaces-and-tabs
  372:1   warning  Mixed spaces and tabs                              no-mixed-spaces-and-tabs
  373:1   warning  Mixed spaces and tabs                              no-mixed-spaces-and-tabs
  374:1   warning  Mixed spaces and tabs                              no-mixed-spaces-and-tabs
  375:1   warning  Mixed spaces and tabs                              no-mixed-spaces-and-tabs
  376:2   warning  Mixed spaces and tabs                              no-mixed-spaces-and-tabs
  376:4   warning  '$' is not defined                                 no-undef
  377:1   warning  Mixed spaces and tabs                              no-mixed-spaces-and-tabs
  378:1   warning  Mixed spaces and tabs                              no-mixed-spaces-and-tabs
  380:2   warning  Mixed spaces and tabs                              no-mixed-spaces-and-tabs
  381:1   warning  Mixed spaces and tabs                              no-mixed-spaces-and-tabs
  394:1   warning  Mixed spaces and tabs                              no-mixed-spaces-and-tabs
  395:1   warning  Mixed spaces and tabs                              no-mixed-spaces-and-tabs
  395:11  warning  '$' is not defined                                 no-undef
  396:1   warning  Mixed spaces and tabs                              no-mixed-spaces-and-tabs
  397:1   warning  Mixed spaces and tabs                              no-mixed-spaces-and-tabs
  398:1   warning  Mixed spaces and tabs                              no-mixed-spaces-and-tabs
  399:1   warning  Mixed spaces and tabs                              no-mixed-spaces-and-tabs
  400:1   warning  Mixed spaces and tabs                              no-mixed-spaces-and-tabs
  401:1   warning  Mixed spaces and tabs                              no-mixed-spaces-and-tabs
  402:1   warning  Mixed spaces and tabs                              no-mixed-spaces-and-tabs
  402:7   warning  'p' is already defined                             no-redeclare
  403:1   warning  Mixed spaces and tabs                              no-mixed-spaces-and-tabs
  404:1   warning  Mixed spaces and tabs                              no-mixed-spaces-and-tabs
  405:1   warning  Mixed spaces and tabs                              no-mixed-spaces-and-tabs
  406:1   warning  Mixed spaces and tabs                              no-mixed-spaces-and-tabs
  407:1   warning  Mixed spaces and tabs                              no-mixed-spaces-and-tabs
  409:1   warning  Mixed spaces and tabs                              no-mixed-spaces-and-tabs
  410:1   warning  Mixed spaces and tabs                              no-mixed-spaces-and-tabs
  410:11  warning  'math' is not defined                              no-undef
  410:27  warning  'math' is not defined                              no-undef
  411:1   warning  Mixed spaces and tabs                              no-mixed-spaces-and-tabs
  411:14  warning  'math' is not defined                              no-undef
  412:16  warning  'math' is not defined                              no-undef
  412:25  warning  'math' is not defined                              no-undef
  412:39  warning  'math' is not defined                              no-undef
  412:60  warning  'math' is not defined                              no-undef
  412:72  warning  'math' is not defined                              no-undef
  413:1   warning  Mixed spaces and tabs                              no-mixed-spaces-and-tabs
  413:15  warning  'math' is not defined                              no-undef
  414:1   warning  Mixed spaces and tabs                              no-mixed-spaces-and-tabs
  415:1   warning  Mixed spaces and tabs                              no-mixed-spaces-and-tabs
  415:13  warning  'math' is not defined                              no-undef
  415:27  warning  'math' is not defined                              no-undef
  415:36  warning  'math' is not defined                              no-undef
  415:50  warning  'math' is not defined                              no-undef
  415:71  warning  'math' is not defined                              no-undef
  415:83  warning  'math' is not defined                              no-undef
  416:1   warning  Mixed spaces and tabs                              no-mixed-spaces-and-tabs
  416:15  warning  'math' is not defined                              no-undef
  417:1   warning  Mixed spaces and tabs                              no-mixed-spaces-and-tabs
  418:1   warning  Mixed spaces and tabs                              no-mixed-spaces-and-tabs
  419:1   warning  Mixed spaces and tabs                              no-mixed-spaces-and-tabs
  419:18  warning  'math' is not defined                              no-undef
  420:1   warning  Mixed spaces and tabs                              no-mixed-spaces-and-tabs
  427:1   warning  Mixed spaces and tabs                              no-mixed-spaces-and-tabs
  427:7   warning  'math' is not defined                              no-undef
  434:2   warning  '$' is not defined                                 no-undef
  435:2   warning  '$' is not defined                                 no-undef
  441:1   warning  Mixed spaces and tabs                              no-mixed-spaces-and-tabs
  442:1   warning  Mixed spaces and tabs                              no-mixed-spaces-and-tabs
  442:12  warning  '$' is not defined                                 no-undef
  443:1   warning  Mixed spaces and tabs                              no-mixed-spaces-and-tabs
  444:1   warning  Mixed spaces and tabs                              no-mixed-spaces-and-tabs
  445:1   warning  Mixed spaces and tabs                              no-mixed-spaces-and-tabs
  446:1   warning  Mixed spaces and tabs                              no-mixed-spaces-and-tabs
  447:1   warning  Mixed spaces and tabs                              no-mixed-spaces-and-tabs
  448:1   warning  Mixed spaces and tabs                              no-mixed-spaces-and-tabs
  449:1   warning  Mixed spaces and tabs                              no-mixed-spaces-and-tabs
  449:7   warning  'p' is already defined                             no-redeclare
  450:1   warning  Mixed spaces and tabs                              no-mixed-spaces-and-tabs
  451:1   warning  Mixed spaces and tabs                              no-mixed-spaces-and-tabs
  452:1   warning  Mixed spaces and tabs                              no-mixed-spaces-and-tabs
  453:1   warning  Mixed spaces and tabs                              no-mixed-spaces-and-tabs
  454:1   warning  Mixed spaces and tabs                              no-mixed-spaces-and-tabs
  454:11  warning  'math' is not defined                              no-undef
  454:25  warning  'math' is not defined                              no-undef
  454:42  warning  'math' is not defined                              no-undef
  454:51  warning  'math' is not defined                              no-undef
  454:65  warning  'math' is not defined                              no-undef
  454:86  warning  'math' is not defined                              no-undef
  454:98  warning  'math' is not defined                              no-undef
  455:1   warning  Mixed spaces and tabs                              no-mixed-spaces-and-tabs
  456:1   warning  Mixed spaces and tabs                              no-mixed-spaces-and-tabs
  458:11  warning  'math' is not defined                              no-undef
  458:27  warning  'math' is not defined                              no-undef
  458:38  warning  'math' is not defined                              no-undef
  458:47  warning  'math' is not defined                              no-undef
  458:61  warning  'math' is not defined                              no-undef
  458:82  warning  'math' is not defined                              no-undef
  458:94  warning  'math' is not defined                              no-undef
  461:10  warning  'math' is not defined                              no-undef
  461:27  warning  'math' is not defined                              no-undef
  462:1   warning  Mixed spaces and tabs                              no-mixed-spaces-and-tabs
  467:2   warning  '$' is not defined                                 no-undef
  468:2   warning  '$' is not defined                                 no-undef
  469:2   warning  '$' is not defined                                 no-undef
  476:10  warning  'Refresh' is defined but never used                no-unused-vars
  494:2   warning  '$' is not defined                                 no-undef
  495:2   warning  '$' is not defined                                 no-undef
  501:2   warning  '$' is not defined                                 no-undef
  502:2   warning  '$' is not defined                                 no-undef
  512:10  warning  'calculate' is defined but never used              no-unused-vars
  515:2   warning  Mixed spaces and tabs                              no-mixed-spaces-and-tabs
  516:1   warning  Mixed spaces and tabs                              no-mixed-spaces-and-tabs
  517:1   warning  Mixed spaces and tabs                              no-mixed-spaces-and-tabs
  518:2   warning  Mixed spaces and tabs                              no-mixed-spaces-and-tabs
  519:1   warning  Mixed spaces and tabs                              no-mixed-spaces-and-tabs

✖ 174 problems (0 errors, 174 warnings)

